0.0 0.0 0.0 0.0 
0.01 1.0 0.0 1.0 
0.02 0.995004165278 0.0998334166468 1.09483758192 
0.03 0.980066577841 0.198669330795 1.17873590864 
0.04 0.955336489126 0.295520206661 1.25085669579 
0.05 0.921060994003 0.389418342309 1.31047933631 
0.06 0.87758256189 0.479425538604 1.35700810049 
0.07 0.82533561491 0.564642473395 1.3899780883 
0.08 0.764842187284 0.644217687238 1.40905987452 
0.09 0.696706709347 0.7173560909 1.41406280025 
0.1 0.621609968271 0.783326909627 1.4049368779 
0.11 0.540302305868 0.841470984808 1.38177329068 
0.12 0.453596121426 0.891207360061 1.34480348149 
0.13 0.362357754477 0.932039085967 1.29439684044 
0.14 0.267498828625 0.963558185417 1.23105701404 
0.15 0.1699671429 0.985449729988 1.15541687289 
0.16 0.0707372016677 0.997494986604 1.06823218827 
0.17 -0.0291995223013 0.999573603042 0.97037408074 
0.18 -0.128844494296 0.991664810452 0.862820316157 
0.19 -0.227202094693 0.973847630878 0.746645536185 
0.2 -0.323289566864 0.946300087687 0.623010520824 
0.21 -0.416146836547 0.909297426826 0.493150590279 
0.22 -0.5048461046 0.863209366649 0.358363262049 
0.23 -0.588501117255 0.80849640382 0.219995286564 
0.24 -0.66627602128 0.745705212177 0.0794291908969 
0.25 -0.737393715541 0.675463180551 -0.0619305349901 
0.26 -0.801143615547 0.598472144104 -0.202671471443 
0.27 -0.856888753369 0.515501371821 -0.341387381547 
0.28 -0.904072142017 0.427379880234 -0.476692261783 
0.29 -0.942222340669 0.334988150156 -0.607234190513 
0.3 -0.97095816515 0.239249329214 -0.731708835936 
0.31 -0.9899924966 0.14112000806 -0.848872488541 
0.32 -0.999135150273 0.0415806624333 -0.95755448784 
0.33 -0.998294775795 -0.0583741434276 -1.05666891922 
0.34 -0.987479769909 -0.157745694143 -1.14522546405 
0.35 -0.966798192579 -0.255541102027 -1.22233929461 
0.36 -0.936456687291 -0.35078322769 -1.28723991498 
0.37 -0.896758416334 -0.442520443295 -1.33927885963 
0.38 -0.84810003171 -0.529836140908 -1.37793617262 
0.39 -0.790967711914 -0.611857890943 -1.40282560286 
0.4 -0.7259323042 -0.687766159184 -1.41369846338 
0.41 -0.653643620864 -0.756802495308 -1.41044611617 
0.42 -0.574823946533 -0.818277111064 -1.3931010576 
0.43 -0.490260821341 -0.871575772414 -1.36183659375 
0.44 -0.40079917208 -0.916165936749 -1.31696510883 
0.45 -0.307332869978 -0.95160207389 -1.25893494387 
0.46 -0.210795799431 -0.977530117665 -1.1883259171 
0.47 -0.112152526935 -0.993691003633 -1.10584353057 
0.48 -0.0123886634629 -0.999923257564 -1.01231192103 
0.49 0.0874989834394 -0.996164608836 -0.908665625396 
0.5 0.186512369423 -0.982452612624 -0.795940243202 
0.51 0.283662185463 -0.958924274663 -0.6752620892 
0.52 0.377977742713 -0.925814682328 -0.547836939615 
0.53 0.4685166713 -0.88345465572 -0.41493798442 
0.54 0.554374336179 -0.832267442224 -0.277893106045 
0.55 0.634692875943 -0.772764487556 -0.138071611613 
0.56 0.708669774291 -0.70554032557 0.00312944872087 
0.57 0.77556587851 -0.631266637872 0.144299240638 
0.58 0.834712784839 -0.550685542598 0.284027242242 
0.59 0.885519516941 -0.464602179414 0.420917337528 
0.6 0.927478430744 -0.37387666483 0.553601765914 
0.61 0.96017028665 -0.279415498199 0.680754788451 
0.62 0.983268438443 -0.182162504272 0.80110593417 
0.63 0.996542097023 -0.0830894028175 0.913452694206 
0.64 0.999858636383 0.0168139004843 1.01667253687 
0.65 0.993184918758 0.11654920485 1.10973412361 
0.66 0.976587625728 0.215119988088 1.19170761382 
0.67 0.950232591959 0.311541363513 1.26177395547 
0.68 0.914383148235 0.404849920617 1.31923306885 
0.69 0.86939749035 0.494113351139 1.36351084149 
0.7 0.815725100125 0.578439764388 1.39416486451 
0.71 0.753902254343 0.656986598719 1.41088885306 
0.72 0.684546666443 0.728969040126 1.41351570657 
0.73 0.608351314532 0.793667863849 1.40201917838 
0.74 0.526077517381 0.850436620629 1.37651413801 
0.75 0.438547327574 0.898708095812 1.33725542339 
0.76 0.346635317835 0.937999976775 1.28463529461 
0.77 0.251259842582 0.967919672031 1.21917951461 
0.78 0.153373862038 0.988168233877 1.14154209591 
0.79 0.0539554205626 0.998543345375 1.05249876594 
0.8 -0.0460021256395 0.99894134184 0.9529392162 
0.81 -0.145500033809 0.989358246623 0.843858212815 
0.82 -0.243544153736 0.969889810845 0.726345657109 
0.83 -0.339154860984 0.94073055668 0.601575695696 
0.84 -0.431376844971 0.902171833756 0.470794988786 
0.85 -0.519288654117 0.854598908088 0.335310253972 
0.86 -0.602011902685 0.798487112623 0.196475209939 
0.87 -0.67872004732 0.734397097874 0.0556770505541 
0.88 -0.748646645597 0.662969230082 -0.0856774155152 
0.89 -0.811093014062 0.584917192892 -0.22617582117 
0.9 -0.865435209241 0.501020856458 -0.364414352783 
0.91 -0.911130261885 0.412118485242 -0.499011776643 
0.92 -0.947721602131 0.319098362349 -0.628623239782 
0.93 -0.974843621404 0.2228899141 -0.751953707304 
0.94 -0.992225325453 0.124454423507 -0.867770901946 
0.95 -0.999693042035 0.0247754254534 -0.974917616582 
0.96 -0.997172156196 -0.0751511204618 -1.07232327666 
0.97 -0.984687855794 -0.174326781223 -1.15901463702 
0.98 -0.962364879831 -0.271760626411 -1.23412550624 
0.99 -0.930426272105 -0.366479129252 -1.29690540136 
